Removed Pin From Net: NetName=+2.5V Pin=*2-1
Removed Pin From Net: NetName=Elec_2 Pin=*2-2
Removed Pin From Net: NetName=GND Pin=*2-3
Removed Pin From Net: NetName=-2.5V Pin=*2-4
Removed Pin From Net: NetName=-2.5V Pin=*3-1
Removed Pin From Net: NetName=GND Pin=*3-2
Removed Pin From Net: NetName=Elec_1 Pin=*3-3
Removed Pin From Net: NetName=+2.5V Pin=*3-4
Removed Pin From Net: NetName=-2.5V Pin=*5-1
Removed Pin From Net: NetName=GND Pin=*5-2
Removed Pin From Net: NetName=Elec_6 Pin=*5-3
Removed Pin From Net: NetName=+2.5V Pin=*5-4
Removed Pin From Net: NetName=+2.5V Pin=*8-1
Removed Pin From Net: NetName=Elec_5 Pin=*8-2
Removed Pin From Net: NetName=GND Pin=*8-3
Removed Pin From Net: NetName=-2.5V Pin=*8-4
Removed Member From Class: ClassName=ECG_NEMO_final_V1B_main_stack1_fix Member=*2
Removed Member From Class: ClassName=ECG_NEMO_final_V1B_main_stack1_fix Member=*3
Removed Member From Class: ClassName=ECG_NEMO_final_V1B_main_stack1_fix Member=*5
Removed Member From Class: ClassName=ECG_NEMO_final_V1B_main_stack1_fix Member=*8
