Removed Pin From Net: NetName=+2.5V Pin=J14-5
Removed Pin From Net: NetName=Elec_3 Pin=J14-7
Removed Pin From Net: NetName=Elec_4 Pin=J14-8
Removed Pin From Net: NetName=GND Pin=J14-10
Removed Pin From Net: NetName=-2.5V Pin=J14-11
Removed Pin From Net: NetName=-2.5V Pin=J14-12
Removed Pin From Net: NetName=-2.5V Pin=J14-13
Removed Pin From Net: NetName=-2.5V Pin=J14-14
Removed Pin From Net: NetName=GND Pin=J14-16
Removed Pin From Net: NetName=Elec_6 Pin=J14-17
Removed Pin From Net: NetName=Elec_5 Pin=J14-18
Removed Pin From Net: NetName=+2.5V Pin=J14-19
Added Pin To Net: NetName=Elec_3 Pin=J14-5
Added Pin To Net: NetName=GND Pin=J14-7
Added Pin To Net: NetName=-2.5V Pin=J14-8
Added Pin To Net: NetName=-2.5V Pin=J14-10
Added Pin To Net: NetName=Elec_4 Pin=J14-11
Added Pin To Net: NetName=+2.5V Pin=J14-12
Added Pin To Net: NetName=Elec_5 Pin=J14-13
Added Pin To Net: NetName=+2.5V Pin=J14-14
Added Pin To Net: NetName=-2.5V Pin=J14-16
Added Pin To Net: NetName=GND Pin=J14-17
Added Pin To Net: NetName=-2.5V Pin=J14-18
Added Pin To Net: NetName=Elec_6 Pin=J14-19
