Added Component: Designator=J14(SHDR20W50P200_2X10_2200X500X710P)
Add component (AddParameter): Name = "Arrow Part Number"; Value = ""; VariantName = "[No Variations]"
Add component (AddParameter): Name = "Arrow Price/Stock"; Value = ""; VariantName = "[No Variations]"
Add component (AddParameter): Name = "Datasheet Link"; Value = "https://www.hirose.com/en/product/document?clcode=CL0543-0525-3-01&productname=DF11-20DP-2DSA(01)&series=DF11&documenttype=2DDrawing&lang=en&documentid=0000995343"; VariantName = "[No Variations]"
Add component (AddParameter): Name = "Height"; Value = "7.1mm"; VariantName = "[No Variations]"
Add component (AddParameter): Name = "Manufacturer_Name"; Value = "Hirose"; VariantName = "[No Variations]"
Add component (AddParameter): Name = "Manufacturer_Part_Number"; Value = "DF11-20DP-2DSA(01)"; VariantName = "[No Variations]"
Add component (AddParameter): Name = "Mouser Part Number"; Value = "798-DF11-20DP-2DSA01"; VariantName = "[No Variations]"
Add component (AddParameter): Name = "Mouser Price/Stock"; Value = "https://www.mouser.co.uk/ProductDetail/Hirose-Connector/DF11-20DP-2DSA01?qs=Ux3WWAnHpjAvHkbqZ9K7Yg%3D%3D"; VariantName = "[No Variations]"
Added Pin To Net: NetName=Signal_3 Pin=J14-1
Added Pin To Net: NetName=Signal_4 Pin=J14-3
Added Pin To Net: NetName=+2.5V Pin=J14-5
Added Pin To Net: NetName=+2.5V Pin=J14-6
Added Pin To Net: NetName=Elec_2 Pin=J14-7
Added Pin To Net: NetName=Elec_6 Pin=J14-8
Added Pin To Net: NetName=GND Pin=J14-9
Added Pin To Net: NetName=GND Pin=J14-10
Added Pin To Net: NetName=-2.5V Pin=J14-11
Added Pin To Net: NetName=-2.5V Pin=J14-12
Added Pin To Net: NetName=-2.5V Pin=J14-13
Added Pin To Net: NetName=-2.5V Pin=J14-14
Added Pin To Net: NetName=GND Pin=J14-15
Added Pin To Net: NetName=GND Pin=J14-16
Added Pin To Net: NetName=Elec_1 Pin=J14-17
Added Pin To Net: NetName=Elec_5 Pin=J14-18
Added Pin To Net: NetName=+2.5V Pin=J14-19
Added Pin To Net: NetName=+2.5V Pin=J14-20
Added Member To Class: ClassName=ECG_NEMO_final Member=Component J14 DF11-20DP-2DSA_01_
