Added Component: Designator=C52(CAPC2012X145N)
Add component (AddParameter): Name = "Arrow Part Number"; Value = ""; VariantName = "[No Variations]"
Add component (AddParameter): Name = "Arrow Price/Stock"; Value = ""; VariantName = "[No Variations]"
Add component (AddParameter): Name = "Case"; Value = "0805 (in)"; VariantName = "[No Variations]"
Add component (AddParameter): Name = "Datasheet Link"; Value = "http://www.vishay.com/docs/45226/vj31xrohsautomlcc.pdf"; VariantName = "[No Variations]"
Add component (AddParameter): Name = "Height"; Value = "1.45mm"; VariantName = "[No Variations]"
Add component (AddParameter): Name = "Manufacturer_Name"; Value = "Vishay"; VariantName = "[No Variations]"
Add component (AddParameter): Name = "Manufacturer_Part_Number"; Value = "VJ0805Y472KXAMC"; VariantName = "[No Variations]"
Add component (AddParameter): Name = "Mounting Style"; Value = "SMD/SMT"; VariantName = "[No Variations]"
Add component (AddParameter): Name = "Mouser Part Number"; Value = "77-VJ0805Y472KXAMC"; VariantName = "[No Variations]"
Add component (AddParameter): Name = "Mouser Price/Stock"; Value = "https://www.mouser.co.uk/ProductDetail/Vishay-Vitramon/VJ0805Y472KXAMC?qs=17Xm%252BID41ySvUhElOJjluA%3D%3D"; VariantName = "[No Variations]"
Added Component: Designator=C67(CAPC2012X145N)
Add component (AddParameter): Name = "Arrow Part Number"; Value = ""; VariantName = "[No Variations]"
Add component (AddParameter): Name = "Arrow Price/Stock"; Value = ""; VariantName = "[No Variations]"
Add component (AddParameter): Name = "Case"; Value = "0805 (in)"; VariantName = "[No Variations]"
Add component (AddParameter): Name = "Datasheet Link"; Value = "http://www.vishay.com/docs/45226/vj31xrohsautomlcc.pdf"; VariantName = "[No Variations]"
Add component (AddParameter): Name = "Height"; Value = "1.45mm"; VariantName = "[No Variations]"
Add component (AddParameter): Name = "Manufacturer_Name"; Value = "Vishay"; VariantName = "[No Variations]"
Add component (AddParameter): Name = "Manufacturer_Part_Number"; Value = "VJ0805Y472KXAMC"; VariantName = "[No Variations]"
Add component (AddParameter): Name = "Mounting Style"; Value = "SMD/SMT"; VariantName = "[No Variations]"
Add component (AddParameter): Name = "Mouser Part Number"; Value = "77-VJ0805Y472KXAMC"; VariantName = "[No Variations]"
Add component (AddParameter): Name = "Mouser Price/Stock"; Value = "https://www.mouser.co.uk/ProductDetail/Vishay-Vitramon/VJ0805Y472KXAMC?qs=17Xm%252BID41ySvUhElOJjluA%3D%3D"; VariantName = "[No Variations]"
Added Component: Designator=R3(ERJHP6D1000V)
Add component (AddParameter): Name = "Arrow Part Number"; Value = ""; VariantName = "[No Variations]"
Add component (AddParameter): Name = "Arrow Price/Stock"; Value = ""; VariantName = "[No Variations]"
Add component (AddParameter): Name = "Case"; Value = "0805 (in)"; VariantName = "[No Variations]"
Add component (AddParameter): Name = "Datasheet Link"; Value = "http://industrial.panasonic.com/cdbs/www-data/pdf/RDQ0000/ast-ind-151033.pdf"; VariantName = "[No Variations]"
Add component (AddParameter): Name = "Height"; Value = "0.7mm"; VariantName = "[No Variations]"
Add component (AddParameter): Name = "Manufacturer_Name"; Value = "Panasonic"; VariantName = "[No Variations]"
Add component (AddParameter): Name = "Manufacturer_Part_Number"; Value = "ERJ-HP6D4991V"; VariantName = "[No Variations]"
Add component (AddParameter): Name = "Mounting Style"; Value = "SMD/SMT"; VariantName = "[No Variations]"
Add component (AddParameter): Name = "Mouser Part Number"; Value = ""; VariantName = "[No Variations]"
Add component (AddParameter): Name = "Mouser Price/Stock"; Value = ""; VariantName = "[No Variations]"
Added Component: Designator=R4(ERJHP6D1000V)
Add component (AddParameter): Name = "Arrow Part Number"; Value = ""; VariantName = "[No Variations]"
Add component (AddParameter): Name = "Arrow Price/Stock"; Value = ""; VariantName = "[No Variations]"
Add component (AddParameter): Name = "Case"; Value = "0805 (in)"; VariantName = "[No Variations]"
Add component (AddParameter): Name = "Datasheet Link"; Value = "http://industrial.panasonic.com/cdbs/www-data/pdf/RDQ0000/ast-ind-151033.pdf"; VariantName = "[No Variations]"
Add component (AddParameter): Name = "Height"; Value = "0.7mm"; VariantName = "[No Variations]"
Add component (AddParameter): Name = "Manufacturer_Name"; Value = "Panasonic"; VariantName = "[No Variations]"
Add component (AddParameter): Name = "Manufacturer_Part_Number"; Value = "ERJ-HP6D4991V"; VariantName = "[No Variations]"
Add component (AddParameter): Name = "Mounting Style"; Value = "SMD/SMT"; VariantName = "[No Variations]"
Add component (AddParameter): Name = "Mouser Part Number"; Value = ""; VariantName = "[No Variations]"
Add component (AddParameter): Name = "Mouser Price/Stock"; Value = ""; VariantName = "[No Variations]"
Added Pin To Net: NetName=GND Pin=C52-1
Added Pin To Net: NetName=GND Pin=C67-1
Added Pin To Net: NetName=+2.5V Pin=TP5-1
Added Pin To Net: NetName=+2.5V Pin=U2-17
Added Pin To Net: NetName=+2.5V Pin=U3-6
Added Pin To Net: NetName=+2.5V Pin=U3-7
Added Pin To Net: NetName=Elec_7 Pin=C52-2
Added Pin To Net: NetName=Elec_7 Pin=R3-1
Added Net: Name=Elec_7
Added Pin To Net: NetName=Elec_8 Pin=C67-2
Added Pin To Net: NetName=Elec_8 Pin=R4-1
Added Net: Name=Elec_8
Added Pin To Net: NetName=Signal_7 Pin=J14-2
Added Pin To Net: NetName=Signal_7 Pin=R3-2
Added Net: Name=Signal_7
Added Pin To Net: NetName=Signal_8 Pin=J14-4
Added Pin To Net: NetName=Signal_8 Pin=R4-2
Added Net: Name=Signal_8
Added Member To Class: ClassName=ECG_NEMO_final Member=Component C52 VJ0805Y472KXAMC
Added Member To Class: ClassName=ECG_NEMO_final Member=Component C67 VJ0805Y472KXAMC
Added Member To Class: ClassName=ECG_NEMO_final Member=Component R3 ERJ-HP6D4991V
Added Member To Class: ClassName=ECG_NEMO_final Member=Component R4 ERJ-HP6D4991V
Added Room: Name=ECG_NEMO_final
